-------------------------------------------------------------------------------
Test set: runners.TestRunner
-------------------------------------------------------------------------------
Tests run: 1, Failures: 0, Errors: 1, Skipped: 0, Time elapsed: 71.53 s <<< FAILURE! -- in runners.TestRunner
Hotels.com Registration.Register new user with faker data -- Time elapsed: 69.40 s <<< ERROR!
org.openqa.selenium.ElementClickInterceptedException: 
Element <button class="uitk-menu-trigger open-room-picker-observer-root uitk-fake-input uitk-form-field-trigger uitk-field-fake-input uitk-field-fake-input-hasicon" type="button"> is not clickable at point (905,331) because another element <div> obscures it
Build info: version: '4.15.0', revision: '1d14b5521b'
System info: os.name: 'Mac OS X', os.arch: 'x86_64', os.version: '10.15.7', java.version: '21.0.1'
Driver info: org.openqa.selenium.firefox.FirefoxDriver
Command: [2b9d35db-23b2-4aad-864e-9589fa38fcb5, clickElement {id=4af8e209-e89b-4326-a054-4f54db067843}]
Capabilities {acceptInsecureCerts: true, browserName: firefox, browserVersion: 135.0.1, moz:accessibilityChecks: false, moz:buildID: 20250216192613, moz:geckodriverVersion: 0.36.0, moz:headless: false, moz:platformVersion: 19.6.0, moz:processID: 7672, moz:profile: /var/folders/q7/fgckgx0j1h9..., moz:shutdownTimeout: 60000, moz:webdriverClick: true, moz:windowless: false, pageLoadStrategy: normal, platformName: mac, proxy: Proxy(), setWindowRect: true, strictFileInteractability: false, timeouts: {implicit: 0, pageLoad: 300000, script: 30000}, unhandledPromptBehavior: dismiss and notify, userAgent: Mozilla/5.0 (Macintosh; Int...}
Element: [[FirefoxDriver: firefox on mac (2b9d35db-23b2-4aad-864e-9589fa38fcb5)] -> xpath: //button[contains(@class, 'uitk-menu-trigger')] | //button[contains(@data-stid, 'header-menu')] | //button[contains(@aria-label, 'Hesap')]]
Session ID: 2b9d35db-23b2-4aad-864e-9589fa38fcb5
	at java.base/jdk.internal.reflect.DirectConstructorHandleAccessor.newInstance(DirectConstructorHandleAccessor.java:62)
	at java.base/java.lang.reflect.Constructor.newInstanceWithCaller(Constructor.java:502)
	at java.base/java.lang.reflect.Constructor.newInstance(Constructor.java:486)
	at org.openqa.selenium.remote.codec.w3c.W3CHttpResponseCodec.createException(W3CHttpResponseCodec.java:200)
	at org.openqa.selenium.remote.codec.w3c.W3CHttpResponseCodec.decode(W3CHttpResponseCodec.java:133)
	at org.openqa.selenium.remote.codec.w3c.W3CHttpResponseCodec.decode(W3CHttpResponseCodec.java:52)
	at org.openqa.selenium.remote.HttpCommandExecutor.execute(HttpCommandExecutor.java:191)
	at org.openqa.selenium.remote.service.DriverCommandExecutor.invokeExecute(DriverCommandExecutor.java:200)
	at org.openqa.selenium.remote.service.DriverCommandExecutor.execute(DriverCommandExecutor.java:175)
	at org.openqa.selenium.remote.RemoteWebDriver.execute(RemoteWebDriver.java:607)
	at org.openqa.selenium.remote.RemoteWebElement.execute(RemoteWebElement.java:224)
	at org.openqa.selenium.remote.RemoteWebElement.click(RemoteWebElement.java:77)
	at java.base/jdk.internal.reflect.DirectMethodHandleAccessor.invoke(DirectMethodHandleAccessor.java:103)
	at java.base/java.lang.reflect.Method.invoke(Method.java:580)
	at org.openqa.selenium.support.pagefactory.internal.LocatingElementHandler.invoke(LocatingElementHandler.java:51)
	at jdk.proxy2/jdk.proxy2.$Proxy22.click(Unknown Source)
	at pages.RegisterPage.clickSignInButton(RegisterPage.java:56)
	at stepdefinitions.RegisterSteps.userClicksOnSignInButton(RegisterSteps.java:66)
	at ✽.user clicks on sign in button(file:///Users/yusuf/Desktop/hotels.com/src/test/resources/features/register.feature:8)

